The system is: Windows - 10.0.22000 - AMD64
Compiling the C compiler identification source file "CMakeCCompilerId.c" succeeded.
Compiler: C:/Program Files/Microsoft Visual Studio/2022/Community/VC/Tools/MSVC/14.32.31326/bin/Hostx64/x64/cl.exe 
Build flags: 
Id flags:  

The output was:
0
用于 x64 的 Microsoft (R) C/C++ 优化编译器 19.32.31328 版
版权所有(C) Microsoft Corporation。保留所有权利。

CMakeCCompilerId.c
Microsoft (R) Incremental Linker Version 14.32.31328.0
Copyright (C) Microsoft Corporation.  All rights reserved.

/out:CMakeCCompilerId.exe 
CMakeCCompilerId.obj 


Compilation of the C compiler identification source "CMakeCCompilerId.c" produced "CMakeCCompilerId.exe"

Compilation of the C compiler identification source "CMakeCCompilerId.c" produced "CMakeCCompilerId.obj"

The C compiler identification is MSVC, found in "C:/Users/XIAOCHUYANG/Desktop/CS100-HW89/out/build/x64-Debug/CMakeFiles/3.22.22040401-MSVC_2/CompilerIdC/CMakeCCompilerId.exe"

Compiling the CXX compiler identification source file "CMakeCXXCompilerId.cpp" succeeded.
Compiler: C:/Program Files/Microsoft Visual Studio/2022/Community/VC/Tools/MSVC/14.32.31326/bin/Hostx64/x64/cl.exe 
Build flags: 
Id flags:  

The output was:
0
用于 x64 的 Microsoft (R) C/C++ 优化编译器 19.32.31328 版
版权所有(C) Microsoft Corporation。保留所有权利。

CMakeCXXCompilerId.cpp
Microsoft (R) Incremental Linker Version 14.32.31328.0
Copyright (C) Microsoft Corporation.  All rights reserved.

/out:CMakeCXXCompilerId.exe 
CMakeCXXCompilerId.obj 


Compilation of the CXX compiler identification source "CMakeCXXCompilerId.cpp" produced "CMakeCXXCompilerId.exe"

Compilation of the CXX compiler identification source "CMakeCXXCompilerId.cpp" produced "CMakeCXXCompilerId.obj"

The CXX compiler identification is MSVC, found in "C:/Users/XIAOCHUYANG/Desktop/CS100-HW89/out/build/x64-Debug/CMakeFiles/3.22.22040401-MSVC_2/CompilerIdCXX/CMakeCXXCompilerId.exe"

Detecting C compiler ABI info compiled with the following output:
Change Dir: C:/Users/XIAOCHUYANG/Desktop/CS100-HW89/out/build/x64-Debug/CMakeFiles/CMakeTmp

Run Build Command(s):C:/Program Files/Microsoft Visual Studio/2022/Community/Common7/IDE/CommonExtensions/Microsoft/CMake/Ninja/ninja.exe cmTC_6c407 && [1/2] Building C object CMakeFiles\cmTC_6c407.dir\CMakeCCompilerABI.c.obj
[2/2] Linking C executable cmTC_6c407.exe



Detecting CXX compiler ABI info compiled with the following output:
Change Dir: C:/Users/XIAOCHUYANG/Desktop/CS100-HW89/out/build/x64-Debug/CMakeFiles/CMakeTmp

Run Build Command(s):C:/Program Files/Microsoft Visual Studio/2022/Community/Common7/IDE/CommonExtensions/Microsoft/CMake/Ninja/ninja.exe cmTC_4662c && [1/2] Building CXX object CMakeFiles\cmTC_4662c.dir\CMakeCXXCompilerABI.cpp.obj
[2/2] Linking CXX executable cmTC_4662c.exe



Determining if files sys/types.h exist passed with the following output:
Change Dir: C:/Users/XIAOCHUYANG/Desktop/CS100-HW89/out/build/x64-Debug/CMakeFiles/CMakeTmp

Run Build Command(s):C:/Program Files/Microsoft Visual Studio/2022/Community/Common7/IDE/CommonExtensions/Microsoft/CMake/Ninja/ninja.exe cmTC_ea814 && [1/2] Building C object CMakeFiles\cmTC_ea814.dir\HAVE_SYS_TYPES_H.c.obj
[2/2] Linking C executable cmTC_ea814.exe



Determining if files stdbool.h exist passed with the following output:
Change Dir: C:/Users/XIAOCHUYANG/Desktop/CS100-HW89/out/build/x64-Debug/CMakeFiles/CMakeTmp

Run Build Command(s):C:/Program Files/Microsoft Visual Studio/2022/Community/Common7/IDE/CommonExtensions/Microsoft/CMake/Ninja/ninja.exe cmTC_b43b4 && [1/2] Building C object CMakeFiles\cmTC_b43b4.dir\HAVE_STDBOOL_H.c.obj
[2/2] Linking C executable cmTC_b43b4.exe



Determining if files fcntl.h exist passed with the following output:
Change Dir: C:/Users/XIAOCHUYANG/Desktop/CS100-HW89/out/build/x64-Debug/CMakeFiles/CMakeTmp

Run Build Command(s):C:/Program Files/Microsoft Visual Studio/2022/Community/Common7/IDE/CommonExtensions/Microsoft/CMake/Ninja/ninja.exe cmTC_3398a && [1/2] Building C object CMakeFiles\cmTC_3398a.dir\HAVE_FCNTL_H.c.obj
[2/2] Linking C executable cmTC_3398a.exe



Determining if files stdint.h exist passed with the following output:
Change Dir: C:/Users/XIAOCHUYANG/Desktop/CS100-HW89/out/build/x64-Debug/CMakeFiles/CMakeTmp

Run Build Command(s):C:/Program Files/Microsoft Visual Studio/2022/Community/Common7/IDE/CommonExtensions/Microsoft/CMake/Ninja/ninja.exe cmTC_898eb && [1/2] Building C object CMakeFiles\cmTC_898eb.dir\HAVE_STDINT_H.c.obj
[2/2] Linking C executable cmTC_898eb.exe



Determining if files inttypes.h exist passed with the following output:
Change Dir: C:/Users/XIAOCHUYANG/Desktop/CS100-HW89/out/build/x64-Debug/CMakeFiles/CMakeTmp

Run Build Command(s):C:/Program Files/Microsoft Visual Studio/2022/Community/Common7/IDE/CommonExtensions/Microsoft/CMake/Ninja/ninja.exe cmTC_b862a && [1/2] Building C object CMakeFiles\cmTC_b862a.dir\HAVE_INTTYPES_H.c.obj
[2/2] Linking C executable cmTC_b862a.exe



