The system is: Windows - 10.0.22000 - AMD64
Compiling the C compiler identification source file "CMakeCCompilerId.c" succeeded.
Compiler: C:/Program Files/Microsoft Visual Studio/2022/Community/VC/Tools/MSVC/14.32.31326/bin/Hostx64/x64/cl.exe 
Build flags: 
Id flags:  

The output was:
0
用于 x64 的 Microsoft (R) C/C++ 优化编译器 19.32.31328 版
版权所有(C) Microsoft Corporation。保留所有权利。

CMakeCCompilerId.c
Microsoft (R) Incremental Linker Version 14.32.31328.0
Copyright (C) Microsoft Corporation.  All rights reserved.

/out:CMakeCCompilerId.exe 
CMakeCCompilerId.obj 


Compilation of the C compiler identification source "CMakeCCompilerId.c" produced "CMakeCCompilerId.exe"

Compilation of the C compiler identification source "CMakeCCompilerId.c" produced "CMakeCCompilerId.obj"

The C compiler identification is MSVC, found in "C:/Users/XIAOCHUYANG/Desktop/6.21 hw9 debug/out/build/x64-Debug/CMakeFiles/3.22.22040401-MSVC_2/CompilerIdC/CMakeCCompilerId.exe"

Compiling the CXX compiler identification source file "CMakeCXXCompilerId.cpp" succeeded.
Compiler: C:/Program Files/Microsoft Visual Studio/2022/Community/VC/Tools/MSVC/14.32.31326/bin/Hostx64/x64/cl.exe 
Build flags: 
Id flags:  

The output was:
0
用于 x64 的 Microsoft (R) C/C++ 优化编译器 19.32.31328 版
版权所有(C) Microsoft Corporation。保留所有权利。

CMakeCXXCompilerId.cpp
Microsoft (R) Incremental Linker Version 14.32.31328.0
Copyright (C) Microsoft Corporation.  All rights reserved.

/out:CMakeCXXCompilerId.exe 
CMakeCXXCompilerId.obj 


Compilation of the CXX compiler identification source "CMakeCXXCompilerId.cpp" produced "CMakeCXXCompilerId.exe"

Compilation of the CXX compiler identification source "CMakeCXXCompilerId.cpp" produced "CMakeCXXCompilerId.obj"

The CXX compiler identification is MSVC, found in "C:/Users/XIAOCHUYANG/Desktop/6.21 hw9 debug/out/build/x64-Debug/CMakeFiles/3.22.22040401-MSVC_2/CompilerIdCXX/CMakeCXXCompilerId.exe"

Detecting C compiler ABI info compiled with the following output:
Change Dir: C:/Users/XIAOCHUYANG/Desktop/6.21 hw9 debug/out/build/x64-Debug/CMakeFiles/CMakeTmp

Run Build Command(s):C:/Program Files/Microsoft Visual Studio/2022/Community/Common7/IDE/CommonExtensions/Microsoft/CMake/Ninja/ninja.exe cmTC_b9f03 && [1/2] Building C object CMakeFiles\cmTC_b9f03.dir\CMakeCCompilerABI.c.obj
[2/2] Linking C executable cmTC_b9f03.exe



Detecting CXX compiler ABI info compiled with the following output:
Change Dir: C:/Users/XIAOCHUYANG/Desktop/6.21 hw9 debug/out/build/x64-Debug/CMakeFiles/CMakeTmp

Run Build Command(s):C:/Program Files/Microsoft Visual Studio/2022/Community/Common7/IDE/CommonExtensions/Microsoft/CMake/Ninja/ninja.exe cmTC_41965 && [1/2] Building CXX object CMakeFiles\cmTC_41965.dir\CMakeCXXCompilerABI.cpp.obj
[2/2] Linking CXX executable cmTC_41965.exe



Determining if files sys/types.h exist passed with the following output:
Change Dir: C:/Users/XIAOCHUYANG/Desktop/6.21 hw9 debug/out/build/x64-Debug/CMakeFiles/CMakeTmp

Run Build Command(s):C:/Program Files/Microsoft Visual Studio/2022/Community/Common7/IDE/CommonExtensions/Microsoft/CMake/Ninja/ninja.exe cmTC_83ef7 && [1/2] Building C object CMakeFiles\cmTC_83ef7.dir\HAVE_SYS_TYPES_H.c.obj
[2/2] Linking C executable cmTC_83ef7.exe



Determining if files stdbool.h exist passed with the following output:
Change Dir: C:/Users/XIAOCHUYANG/Desktop/6.21 hw9 debug/out/build/x64-Debug/CMakeFiles/CMakeTmp

Run Build Command(s):C:/Program Files/Microsoft Visual Studio/2022/Community/Common7/IDE/CommonExtensions/Microsoft/CMake/Ninja/ninja.exe cmTC_34e04 && [1/2] Building C object CMakeFiles\cmTC_34e04.dir\HAVE_STDBOOL_H.c.obj
[2/2] Linking C executable cmTC_34e04.exe



Determining if files fcntl.h exist passed with the following output:
Change Dir: C:/Users/XIAOCHUYANG/Desktop/6.21 hw9 debug/out/build/x64-Debug/CMakeFiles/CMakeTmp

Run Build Command(s):C:/Program Files/Microsoft Visual Studio/2022/Community/Common7/IDE/CommonExtensions/Microsoft/CMake/Ninja/ninja.exe cmTC_bbf75 && [1/2] Building C object CMakeFiles\cmTC_bbf75.dir\HAVE_FCNTL_H.c.obj
[2/2] Linking C executable cmTC_bbf75.exe



Determining if files stdint.h exist passed with the following output:
Change Dir: C:/Users/XIAOCHUYANG/Desktop/6.21 hw9 debug/out/build/x64-Debug/CMakeFiles/CMakeTmp

Run Build Command(s):C:/Program Files/Microsoft Visual Studio/2022/Community/Common7/IDE/CommonExtensions/Microsoft/CMake/Ninja/ninja.exe cmTC_b1694 && [1/2] Building C object CMakeFiles\cmTC_b1694.dir\HAVE_STDINT_H.c.obj
[2/2] Linking C executable cmTC_b1694.exe



Determining if files inttypes.h exist passed with the following output:
Change Dir: C:/Users/XIAOCHUYANG/Desktop/6.21 hw9 debug/out/build/x64-Debug/CMakeFiles/CMakeTmp

Run Build Command(s):C:/Program Files/Microsoft Visual Studio/2022/Community/Common7/IDE/CommonExtensions/Microsoft/CMake/Ninja/ninja.exe cmTC_a9d73 && [1/2] Building C object CMakeFiles\cmTC_a9d73.dir\HAVE_INTTYPES_H.c.obj
[2/2] Linking C executable cmTC_a9d73.exe



